<?xml version="1.0" encoding="UTF-8"?>
<coverage generated="1658353213859" clover="3.2.0">
  <project timestamp="1658353213859" name="All files">
    <metrics statements="29" coveredstatements="29" conditionals="5" coveredconditionals="5" methods="12" coveredmethods="12" elements="46" coveredelements="46" complexity="0" loc="29" ncloc="29" packages="1" files="1" classes="1"/>
    <file name="index.ts" path="C:\Prosjekter\ReLynk\node-oauth2-jwt-bearer\packages\node-oauth2-jwt-bearer\src\index.ts">
      <metrics statements="29" coveredstatements="29" conditionals="5" coveredconditionals="5" methods="12" coveredmethods="12"/>
      <line num="2" count="1" type="stmt"/>
      <line num="16" count="1" type="stmt"/>
      <line num="62" count="1" type="cond" truecount="1" falsecount="0"/>
      <line num="63" count="21" type="stmt"/>
      <line num="65" count="19" type="stmt"/>
      <line num="66" count="16" type="stmt"/>
      <line num="67" count="16" type="stmt"/>
      <line num="73" count="15" type="stmt"/>
      <line num="74" count="11" type="stmt"/>
      <line num="76" count="5" type="stmt"/>
      <line num="82" count="1" type="stmt"/>
      <line num="83" count="9" type="stmt"/>
      <line num="84" count="9" type="stmt"/>
      <line num="85" count="9" type="cond" truecount="4" falsecount="0"/>
      <line num="86" count="4" type="stmt"/>
      <line num="88" count="5" type="stmt"/>
      <line num="106" count="1" type="stmt"/>
      <line num="107" count="3" type="stmt"/>
      <line num="120" count="1" type="stmt"/>
      <line num="121" count="2" type="stmt"/>
      <line num="135" count="1" type="stmt"/>
      <line num="136" count="2" type="stmt"/>
      <line num="150" count="1" type="stmt"/>
      <line num="151" count="2" type="stmt"/>
      <line num="161" count="1" type="stmt"/>
      <line num="162" count="3" type="stmt"/>
      <line num="163" count="3" type="stmt"/>
      <line num="164" count="3" type="stmt"/>
      <line num="165" count="3" type="stmt"/>
    </file>
  </project>
</coverage>
