{"C:\\Prosjekter\\ReLynk\\node-oauth2-jwt-bearer\\packages\\node-oauth2-jwt-bearer\\src\\index.ts": {"path":"C:\\Prosjekter\\ReLynk\\node-oauth2-jwt-bearer\\packages\\node-oauth2-jwt-bearer\\src\\index.ts","statementMap":{"0":{"start":{"line":2,"column":0},"end":{"line":2,"column":null}},"1":{"start":{"line":16,"column":0},"end":{"line":16,"column":41}},"2":{"start":{"line":62,"column":20},"end":{"line":79,"column":1}},"3":{"start":{"line":63,"column":20},"end":{"line":63,"column":37}},"4":{"start":{"line":65,"column":2},"end":{"line":78,"column":4}},"5":{"start":{"line":66,"column":4},"end":{"line":77,"column":null}},"6":{"start":{"line":67,"column":18},"end":{"line":71,"column":null}},"7":{"start":{"line":73,"column":6},"end":{"line":73,"column":38}},"8":{"start":{"line":74,"column":6},"end":{"line":74,"column":13}},"9":{"start":{"line":76,"column":6},"end":{"line":76,"column":14}},"10":{"start":{"line":62,"column":13},"end":{"line":62,"column":20}},"11":{"start":{"line":82,"column":2},"end":{"line":90,"column":3}},"12":{"start":{"line":83,"column":2},"end":{"line":90,"column":3}},"13":{"start":{"line":84,"column":4},"end":{"line":89,"column":null}},"14":{"start":{"line":85,"column":6},"end":{"line":85,"column":28}},"15":{"start":{"line":86,"column":6},"end":{"line":86,"column":13}},"16":{"start":{"line":88,"column":6},"end":{"line":88,"column":14}},"17":{"start":{"line":106,"column":47},"end":{"line":107,"column":33}},"18":{"start":{"line":107,"column":2},"end":{"line":107,"column":33}},"19":{"start":{"line":106,"column":13},"end":{"line":106,"column":47}},"20":{"start":{"line":120,"column":49},"end":{"line":121,"column":34}},"21":{"start":{"line":121,"column":2},"end":{"line":121,"column":34}},"22":{"start":{"line":120,"column":13},"end":{"line":120,"column":49}},"23":{"start":{"line":135,"column":53},"end":{"line":136,"column":36}},"24":{"start":{"line":136,"column":2},"end":{"line":136,"column":36}},"25":{"start":{"line":135,"column":13},"end":{"line":135,"column":53}},"26":{"start":{"line":150,"column":55},"end":{"line":151,"column":37}},"27":{"start":{"line":151,"column":2},"end":{"line":151,"column":37}},"28":{"start":{"line":150,"column":13},"end":{"line":150,"column":55}},"29":{"start":{"line":161,"column":0},"end":{"line":161,"column":null}},"30":{"start":{"line":162,"column":2},"end":{"line":162,"column":null}},"31":{"start":{"line":163,"column":2},"end":{"line":163,"column":null}},"32":{"start":{"line":164,"column":2},"end":{"line":164,"column":null}},"33":{"start":{"line":165,"column":2},"end":{"line":165,"column":null}}},"fnMap":{"0":{"name":"(anonymous_0)","decl":{"start":{"line":62,"column":20},"end":{"line":62,"column":21}},"loc":{"start":{"line":62,"column":63},"end":{"line":79,"column":1}}},"1":{"name":"(anonymous_1)","decl":{"start":{"line":65,"column":9},"end":{"line":65,"column":14}},"loc":{"start":{"line":65,"column":67},"end":{"line":78,"column":3}}},"2":{"name":"(anonymous_2)","decl":{"start":{"line":82,"column":2},"end":{"line":82,"column":3}},"loc":{"start":{"line":83,"column":2},"end":{"line":90,"column":3}}},"3":{"name":"(anonymous_3)","decl":{"start":{"line":83,"column":2},"end":{"line":83,"column":3}},"loc":{"start":{"line":83,"column":21},"end":{"line":90,"column":3}}},"4":{"name":"(anonymous_4)","decl":{"start":{"line":106,"column":47},"end":{"line":106,"column":48}},"loc":{"start":{"line":107,"column":2},"end":{"line":107,"column":33}}},"5":{"name":"(anonymous_5)","decl":{"start":{"line":120,"column":49},"end":{"line":120,"column":50}},"loc":{"start":{"line":121,"column":2},"end":{"line":121,"column":34}}},"6":{"name":"(anonymous_6)","decl":{"start":{"line":135,"column":53},"end":{"line":135,"column":54}},"loc":{"start":{"line":136,"column":2},"end":{"line":136,"column":36}}},"7":{"name":"(anonymous_7)","decl":{"start":{"line":150,"column":55},"end":{"line":150,"column":56}},"loc":{"start":{"line":151,"column":2},"end":{"line":151,"column":37}}},"8":{"name":"(anonymous_8)","decl":{"start":{"line":162,"column":2},"end":{"line":162,"column":19}},"loc":{"start":{"line":162,"column":2},"end":{"line":162,"column":null}}},"9":{"name":"(anonymous_9)","decl":{"start":{"line":163,"column":2},"end":{"line":163,"column":21}},"loc":{"start":{"line":163,"column":2},"end":{"line":163,"column":null}}},"10":{"name":"(anonymous_10)","decl":{"start":{"line":164,"column":2},"end":{"line":164,"column":19}},"loc":{"start":{"line":164,"column":2},"end":{"line":164,"column":null}}},"11":{"name":"(anonymous_11)","decl":{"start":{"line":165,"column":2},"end":{"line":165,"column":24}},"loc":{"start":{"line":165,"column":2},"end":{"line":165,"column":null}}}},"branchMap":{"0":{"loc":{"start":{"line":62,"column":21},"end":{"line":62,"column":50}},"type":"default-arg","locations":[{"start":{"line":62,"column":48},"end":{"line":62,"column":50}}]},"1":{"loc":{"start":{"line":85,"column":9},"end":{"line":85,"column":26}},"type":"cond-expr","locations":[{"start":{"line":85,"column":17},"end":{"line":85,"column":19}},{"start":{"line":85,"column":17},"end":{"line":85,"column":26}}]},"2":{"loc":{"start":{"line":85,"column":9},"end":{"line":85,"column":19}},"type":"binary-expr","locations":[{"start":{"line":85,"column":9},"end":{"line":85,"column":19}},{"start":{"line":85,"column":17},"end":{"line":85,"column":19}}]}},"s":{"0":1,"1":1,"2":1,"3":21,"4":19,"5":16,"6":16,"7":15,"8":11,"9":5,"10":1,"11":1,"12":9,"13":9,"14":9,"15":4,"16":5,"17":1,"18":3,"19":1,"20":1,"21":2,"22":1,"23":1,"24":2,"25":1,"26":1,"27":2,"28":1,"29":1,"30":3,"31":3,"32":3,"33":3},"f":{"0":21,"1":16,"2":9,"3":9,"4":3,"5":2,"6":2,"7":2,"8":2,"9":2,"10":2,"11":2},"b":{"0":[5],"1":[1,8],"2":[9,9]}}
}
