TN:
SF:src\index.ts
FN:62,(anonymous_0)
FN:65,(anonymous_1)
FN:82,(anonymous_2)
FN:83,(anonymous_3)
FN:106,(anonymous_4)
FN:120,(anonymous_5)
FN:135,(anonymous_6)
FN:150,(anonymous_7)
FN:162,(anonymous_8)
FN:163,(anonymous_9)
FN:164,(anonymous_10)
FN:165,(anonymous_11)
FNF:12
FNH:12
FNDA:21,(anonymous_0)
FNDA:16,(anonymous_1)
FNDA:9,(anonymous_2)
FNDA:9,(anonymous_3)
FNDA:3,(anonymous_4)
FNDA:2,(anonymous_5)
FNDA:2,(anonymous_6)
FNDA:2,(anonymous_7)
FNDA:2,(anonymous_8)
FNDA:2,(anonymous_9)
FNDA:2,(anonymous_10)
FNDA:2,(anonymous_11)
DA:2,1
DA:16,1
DA:62,1
DA:63,21
DA:65,19
DA:66,16
DA:67,16
DA:73,15
DA:74,11
DA:76,5
DA:82,1
DA:83,9
DA:84,9
DA:85,9
DA:86,4
DA:88,5
DA:106,1
DA:107,3
DA:120,1
DA:121,2
DA:135,1
DA:136,2
DA:150,1
DA:151,2
DA:161,1
DA:162,3
DA:163,3
DA:164,3
DA:165,3
LF:29
LH:29
BRDA:62,0,0,5
BRDA:85,1,0,1
BRDA:85,1,1,8
BRDA:85,2,0,9
BRDA:85,2,1,9
BRF:5
BRH:5
end_of_record
