<?xml version="1.0" encoding="UTF-8"?>
<coverage generated="1658353204695" clover="3.2.0">
  <project timestamp="1658353204695" name="All files">
    <metrics statements="53" coveredstatements="53" conditionals="29" coveredconditionals="29" methods="10" coveredmethods="10" elements="92" coveredelements="92" complexity="0" loc="53" ncloc="53" packages="1" files="3" classes="3"/>
    <file name="errors.ts" path="C:\Prosjekter\ReLynk\node-oauth2-jwt-bearer\packages\oauth2-bearer\src\errors.ts">
      <metrics statements="25" coveredstatements="25" conditionals="7" coveredconditionals="7" methods="5" coveredmethods="5"/>
      <line num="10" count="2" type="stmt"/>
      <line num="11" count="11" type="stmt"/>
      <line num="12" count="11" type="stmt"/>
      <line num="13" count="11" type="stmt"/>
      <line num="16" count="11" type="stmt"/>
      <line num="17" count="11" type="stmt"/>
      <line num="27" count="2" type="stmt"/>
      <line num="28" count="4" type="stmt"/>
      <line num="29" count="4" type="stmt"/>
      <line num="30" count="4" type="stmt"/>
      <line num="33" count="4" type="stmt"/>
      <line num="34" count="4" type="stmt"/>
      <line num="42" count="2" type="stmt"/>
      <line num="43" count="1" type="stmt"/>
      <line num="44" count="1" type="stmt"/>
      <line num="45" count="1" type="stmt"/>
      <line num="48" count="1" type="stmt"/>
      <line num="49" count="1" type="stmt"/>
      <line num="57" count="2" type="stmt"/>
      <line num="58" count="1" type="stmt"/>
      <line num="59" count="1" type="stmt"/>
      <line num="60" count="1" type="stmt"/>
      <line num="63" count="1" type="stmt"/>
      <line num="64" count="1" type="stmt"/>
      <line num="69" count="6" type="stmt"/>
    </file>
    <file name="get-token.ts" path="C:\Prosjekter\ReLynk\node-oauth2-jwt-bearer\packages\oauth2-bearer\src\get-token.ts">
      <metrics statements="26" coveredstatements="26" conditionals="22" coveredconditionals="22" methods="4" coveredmethods="4"/>
      <line num="4" count="2" type="stmt"/>
      <line num="13" count="2" type="stmt"/>
      <line num="15" count="2" type="stmt"/>
      <line num="16" count="11" type="cond" truecount="1" falsecount="0"/>
      <line num="17" count="6" type="stmt"/>
      <line num="19" count="5" type="stmt"/>
      <line num="20" count="5" type="cond" truecount="1" falsecount="0"/>
      <line num="21" count="2" type="stmt"/>
      <line num="23" count="3" type="stmt"/>
      <line num="26" count="2" type="stmt"/>
      <line num="27" count="11" type="cond" truecount="4" falsecount="0"/>
      <line num="28" count="11" type="cond" truecount="1" falsecount="0"/>
      <line num="29" count="3" type="stmt"/>
      <line num="33" count="2" type="stmt"/>
      <line num="34" count="11" type="cond" truecount="4" falsecount="0"/>
      <line num="35" count="11" type="cond" truecount="3" falsecount="0"/>
      <line num="36" count="2" type="stmt"/>
      <line num="48" count="2" type="stmt"/>
      <line num="54" count="11" type="stmt"/>
      <line num="55" count="11" type="stmt"/>
      <line num="56" count="11" type="stmt"/>
      <line num="58" count="11" type="cond" truecount="4" falsecount="0"/>
      <line num="59" count="4" type="stmt"/>
      <line num="62" count="7" type="cond" truecount="1" falsecount="0"/>
      <line num="63" count="1" type="stmt"/>
      <line num="68" count="6" type="cond" truecount="3" falsecount="0"/>
    </file>
    <file name="index.ts" path="C:\Prosjekter\ReLynk\node-oauth2-jwt-bearer\packages\oauth2-bearer\src\index.ts">
      <metrics statements="2" coveredstatements="2" conditionals="0" coveredconditionals="0" methods="1" coveredmethods="1"/>
      <line num="1" count="2" type="stmt"/>
      <line num="2" count="13" type="stmt"/>
    </file>
  </project>
</coverage>
