{"C:\\Prosjekter\\ReLynk\\node-oauth2-jwt-bearer\\packages\\oauth2-bearer\\src\\errors.ts": {"path":"C:\\Prosjekter\\ReLynk\\node-oauth2-jwt-bearer\\packages\\oauth2-bearer\\src\\errors.ts","statementMap":{"0":{"start":{"line":16,"column":4},"end":{"line":16,"column":19}},"1":{"start":{"line":11,"column":2},"end":{"line":11,"column":15}},"2":{"start":{"line":12,"column":2},"end":{"line":12,"column":19}},"3":{"start":{"line":13,"column":2},"end":{"line":13,"column":57}},"4":{"start":{"line":17,"column":4},"end":{"line":17,"column":38}},"5":{"start":{"line":10,"column":0},"end":{"line":10,"column":13}},"6":{"start":{"line":33,"column":4},"end":{"line":33,"column":19}},"7":{"start":{"line":28,"column":2},"end":{"line":28,"column":27}},"8":{"start":{"line":29,"column":2},"end":{"line":29,"column":15}},"9":{"start":{"line":30,"column":2},"end":{"line":30,"column":19}},"10":{"start":{"line":34,"column":4},"end":{"line":34,"column":55}},"11":{"start":{"line":27,"column":0},"end":{"line":27,"column":13}},"12":{"start":{"line":48,"column":4},"end":{"line":48,"column":19}},"13":{"start":{"line":43,"column":2},"end":{"line":43,"column":25}},"14":{"start":{"line":44,"column":2},"end":{"line":44,"column":15}},"15":{"start":{"line":45,"column":2},"end":{"line":45,"column":19}},"16":{"start":{"line":49,"column":4},"end":{"line":49,"column":55}},"17":{"start":{"line":42,"column":0},"end":{"line":42,"column":13}},"18":{"start":{"line":63,"column":4},"end":{"line":63,"column":19}},"19":{"start":{"line":58,"column":2},"end":{"line":58,"column":30}},"20":{"start":{"line":59,"column":2},"end":{"line":59,"column":15}},"21":{"start":{"line":60,"column":2},"end":{"line":60,"column":19}},"22":{"start":{"line":64,"column":4},"end":{"line":64,"column":63}},"23":{"start":{"line":57,"column":0},"end":{"line":57,"column":13}},"24":{"start":{"line":69,"column":19},"end":{"line":74,"column":2}},"25":{"start":{"line":69,"column":79},"end":{"line":74,"column":2}}},"fnMap":{"0":{"name":"(anonymous_0)","decl":{"start":{"line":15,"column":2},"end":{"line":15,"column":14}},"loc":{"start":{"line":15,"column":38},"end":{"line":18,"column":3}}},"1":{"name":"(anonymous_1)","decl":{"start":{"line":32,"column":2},"end":{"line":32,"column":14}},"loc":{"start":{"line":32,"column":41},"end":{"line":35,"column":3}}},"2":{"name":"(anonymous_2)","decl":{"start":{"line":47,"column":2},"end":{"line":47,"column":14}},"loc":{"start":{"line":47,"column":39},"end":{"line":50,"column":3}}},"3":{"name":"(anonymous_3)","decl":{"start":{"line":62,"column":2},"end":{"line":62,"column":14}},"loc":{"start":{"line":62,"column":63},"end":{"line":65,"column":3}}},"4":{"name":"(anonymous_4)","decl":{"start":{"line":69,"column":19},"end":{"line":69,"column":20}},"loc":{"start":{"line":69,"column":79},"end":{"line":74,"column":2}}}},"branchMap":{"0":{"loc":{"start":{"line":15,"column":14},"end":{"line":15,"column":38}},"type":"default-arg","locations":[{"start":{"line":15,"column":24},"end":{"line":15,"column":38}}]},"1":{"loc":{"start":{"line":32,"column":14},"end":{"line":32,"column":41}},"type":"default-arg","locations":[{"start":{"line":32,"column":24},"end":{"line":32,"column":41}}]},"2":{"loc":{"start":{"line":47,"column":14},"end":{"line":47,"column":39}},"type":"default-arg","locations":[{"start":{"line":47,"column":24},"end":{"line":47,"column":39}}]},"3":{"loc":{"start":{"line":62,"column":33},"end":{"line":62,"column":63}},"type":"default-arg","locations":[{"start":{"line":62,"column":43},"end":{"line":62,"column":63}}]},"4":{"loc":{"start":{"line":73,"column":7},"end":{"line":73,"column":56}},"type":"binary-expr","locations":[{"start":{"line":73,"column":8},"end":{"line":73,"column":14}},{"start":{"line":73,"column":18},"end":{"line":73,"column":49}},{"start":{"line":73,"column":54},"end":{"line":73,"column":56}}]}},"s":{"0":11,"1":11,"2":11,"3":11,"4":11,"5":2,"6":4,"7":4,"8":4,"9":4,"10":4,"11":2,"12":1,"13":1,"14":1,"15":1,"16":1,"17":2,"18":1,"19":1,"20":1,"21":1,"22":1,"23":2,"24":2,"25":6},"f":{"0":11,"1":4,"2":1,"3":1,"4":6},"b":{"0":[5],"1":[1],"2":[1],"3":[1],"4":[6,1,5]}}
,"C:\\Prosjekter\\ReLynk\\node-oauth2-jwt-bearer\\packages\\oauth2-bearer\\src\\get-token.ts": {"path":"C:\\Prosjekter\\ReLynk\\node-oauth2-jwt-bearer\\packages\\oauth2-bearer\\src\\get-token.ts","statementMap":{"0":{"start":{"line":4,"column":0},"end":{"line":4,"column":66}},"1":{"start":{"line":13,"column":17},"end":{"line":13,"column":33}},"2":{"start":{"line":15,"column":27},"end":{"line":24,"column":1}},"3":{"start":{"line":16,"column":2},"end":{"line":18,"column":null}},"4":{"start":{"line":17,"column":4},"end":{"line":17,"column":11}},"5":{"start":{"line":19,"column":16},"end":{"line":19,"column":53}},"6":{"start":{"line":20,"column":2},"end":{"line":22,"column":null}},"7":{"start":{"line":21,"column":4},"end":{"line":21,"column":11}},"8":{"start":{"line":23,"column":2},"end":{"line":23,"column":18}},"9":{"start":{"line":26,"column":26},"end":{"line":31,"column":1}},"10":{"start":{"line":27,"column":22},"end":{"line":27,"column":41}},"11":{"start":{"line":28,"column":2},"end":{"line":30,"column":null}},"12":{"start":{"line":29,"column":4},"end":{"line":29,"column":23}},"13":{"start":{"line":33,"column":20},"end":{"line":38,"column":1}},"14":{"start":{"line":34,"column":22},"end":{"line":34,"column":40}},"15":{"start":{"line":35,"column":2},"end":{"line":37,"column":null}},"16":{"start":{"line":36,"column":4},"end":{"line":36,"column":23}},"17":{"start":{"line":54,"column":21},"end":{"line":54,"column":48}},"18":{"start":{"line":55,"column":20},"end":{"line":55,"column":44}},"19":{"start":{"line":56,"column":19},"end":{"line":56,"column":48}},"20":{"start":{"line":58,"column":2},"end":{"line":60,"column":null}},"21":{"start":{"line":59,"column":4},"end":{"line":59,"column":34}},"22":{"start":{"line":62,"column":2},"end":{"line":66,"column":null}},"23":{"start":{"line":63,"column":4},"end":{"line":65,"column":6}},"24":{"start":{"line":68,"column":2},"end":{"line":68,"column":57}},"25":{"start":{"line":48,"column":0},"end":{"line":48,"column":24}}},"fnMap":{"0":{"name":"(anonymous_0)","decl":{"start":{"line":15,"column":27},"end":{"line":15,"column":28}},"loc":{"start":{"line":15,"column":52},"end":{"line":24,"column":1}}},"1":{"name":"(anonymous_1)","decl":{"start":{"line":26,"column":26},"end":{"line":26,"column":27}},"loc":{"start":{"line":26,"column":48},"end":{"line":31,"column":1}}},"2":{"name":"(anonymous_2)","decl":{"start":{"line":33,"column":20},"end":{"line":33,"column":21}},"loc":{"start":{"line":33,"column":62},"end":{"line":38,"column":1}}},"3":{"name":"getToken","decl":{"start":{"line":48,"column":24},"end":{"line":48,"column":32}},"loc":{"start":{"line":52,"column":22},"end":{"line":69,"column":1}}}},"branchMap":{"0":{"loc":{"start":{"line":16,"column":2},"end":{"line":18,"column":null}},"type":"if","locations":[{"start":{"line":16,"column":2},"end":{"line":18,"column":null}}]},"1":{"loc":{"start":{"line":20,"column":2},"end":{"line":22,"column":null}},"type":"if","locations":[{"start":{"line":20,"column":2},"end":{"line":22,"column":null}}]},"2":{"loc":{"start":{"line":27,"column":22},"end":{"line":27,"column":41}},"type":"cond-expr","locations":[{"start":{"line":27,"column":27},"end":{"line":27,"column":29}},{"start":{"line":27,"column":22},"end":{"line":27,"column":41}}]},"3":{"loc":{"start":{"line":27,"column":22},"end":{"line":27,"column":29}},"type":"binary-expr","locations":[{"start":{"line":27,"column":22},"end":{"line":27,"column":29}},{"start":{"line":27,"column":22},"end":{"line":27,"column":29}}]},"4":{"loc":{"start":{"line":28,"column":2},"end":{"line":30,"column":null}},"type":"if","locations":[{"start":{"line":28,"column":2},"end":{"line":30,"column":null}}]},"5":{"loc":{"start":{"line":34,"column":22},"end":{"line":34,"column":40}},"type":"cond-expr","locations":[{"start":{"line":34,"column":26},"end":{"line":34,"column":28}},{"start":{"line":34,"column":22},"end":{"line":34,"column":40}}]},"6":{"loc":{"start":{"line":34,"column":22},"end":{"line":34,"column":28}},"type":"binary-expr","locations":[{"start":{"line":34,"column":22},"end":{"line":34,"column":28}},{"start":{"line":34,"column":22},"end":{"line":34,"column":28}}]},"7":{"loc":{"start":{"line":35,"column":2},"end":{"line":37,"column":null}},"type":"if","locations":[{"start":{"line":35,"column":2},"end":{"line":37,"column":null}}]},"8":{"loc":{"start":{"line":35,"column":6},"end":{"line":35,"column":51}},"type":"binary-expr","locations":[{"start":{"line":35,"column":6},"end":{"line":35,"column":37}},{"start":{"line":35,"column":41},"end":{"line":35,"column":51}}]},"9":{"loc":{"start":{"line":58,"column":2},"end":{"line":60,"column":null}},"type":"if","locations":[{"start":{"line":58,"column":2},"end":{"line":60,"column":null}}]},"10":{"loc":{"start":{"line":58,"column":6},"end":{"line":58,"column":44}},"type":"binary-expr","locations":[{"start":{"line":58,"column":6},"end":{"line":58,"column":16}},{"start":{"line":58,"column":20},"end":{"line":58,"column":31}},{"start":{"line":58,"column":35},"end":{"line":58,"column":44}}]},"11":{"loc":{"start":{"line":62,"column":2},"end":{"line":66,"column":null}},"type":"if","locations":[{"start":{"line":62,"column":2},"end":{"line":66,"column":null}}]},"12":{"loc":{"start":{"line":68,"column":10},"end":{"line":68,"column":45}},"type":"binary-expr","locations":[{"start":{"line":68,"column":10},"end":{"line":68,"column":19}},{"start":{"line":68,"column":23},"end":{"line":68,"column":31}},{"start":{"line":68,"column":35},"end":{"line":68,"column":45}}]}},"s":{"0":2,"1":2,"2":2,"3":11,"4":6,"5":5,"6":5,"7":2,"8":3,"9":2,"10":11,"11":11,"12":3,"13":2,"14":11,"15":11,"16":2,"17":11,"18":11,"19":11,"20":11,"21":4,"22":7,"23":1,"24":6,"25":2},"f":{"0":11,"1":11,"2":11,"3":11},"b":{"0":[6],"1":[2],"2":[8,3],"3":[11,11],"4":[3],"5":[8,3],"6":[11,11],"7":[2],"8":[11,3],"9":[4],"10":[11,8,6],"11":[1],"12":[6,4,2]}}
,"C:\\Prosjekter\\ReLynk\\node-oauth2-jwt-bearer\\packages\\oauth2-bearer\\src\\index.ts": {"path":"C:\\Prosjekter\\ReLynk\\node-oauth2-jwt-bearer\\packages\\oauth2-bearer\\src\\index.ts","statementMap":{"0":{"start":{"line":1,"column":0},"end":{"line":1,"column":25}},"1":{"start":{"line":2,"column":0},"end":{"line":2,"column":9}},"2":{"start":{"line":2,"column":9},"end":{"line":2,"column":28}}},"fnMap":{"0":{"name":"(anonymous_5)","decl":{"start":{"line":2,"column":9},"end":{"line":2,"column":16}},"loc":{"start":{"line":2,"column":9},"end":{"line":2,"column":28}}}},"branchMap":{},"s":{"0":2,"1":2,"2":13},"f":{"0":11},"b":{}}
}
