TN:
SF:src\errors.ts
FN:15,(anonymous_0)
FN:32,(anonymous_1)
FN:47,(anonymous_2)
FN:62,(anonymous_3)
FN:69,(anonymous_4)
FNF:5
FNH:5
FNDA:11,(anonymous_0)
FNDA:4,(anonymous_1)
FNDA:1,(anonymous_2)
FNDA:1,(anonymous_3)
FNDA:6,(anonymous_4)
DA:10,2
DA:11,11
DA:12,11
DA:13,11
DA:16,11
DA:17,11
DA:27,2
DA:28,4
DA:29,4
DA:30,4
DA:33,4
DA:34,4
DA:42,2
DA:43,1
DA:44,1
DA:45,1
DA:48,1
DA:49,1
DA:57,2
DA:58,1
DA:59,1
DA:60,1
DA:63,1
DA:64,1
DA:69,6
LF:25
LH:25
BRDA:15,0,0,5
BRDA:32,1,0,1
BRDA:47,2,0,1
BRDA:62,3,0,1
BRDA:73,4,0,6
BRDA:73,4,1,1
BRDA:73,4,2,5
BRF:7
BRH:7
end_of_record
TN:
SF:src\get-token.ts
FN:15,(anonymous_0)
FN:26,(anonymous_1)
FN:33,(anonymous_2)
FN:48,getToken
FNF:4
FNH:4
FNDA:11,(anonymous_0)
FNDA:11,(anonymous_1)
FNDA:11,(anonymous_2)
FNDA:11,getToken
DA:4,2
DA:13,2
DA:15,2
DA:16,11
DA:17,6
DA:19,5
DA:20,5
DA:21,2
DA:23,3
DA:26,2
DA:27,11
DA:28,11
DA:29,3
DA:33,2
DA:34,11
DA:35,11
DA:36,2
DA:48,2
DA:54,11
DA:55,11
DA:56,11
DA:58,11
DA:59,4
DA:62,7
DA:63,1
DA:68,6
LF:26
LH:26
BRDA:16,0,0,6
BRDA:20,1,0,2
BRDA:27,2,0,8
BRDA:27,2,1,3
BRDA:27,3,0,11
BRDA:27,3,1,11
BRDA:28,4,0,3
BRDA:34,5,0,8
BRDA:34,5,1,3
BRDA:34,6,0,11
BRDA:34,6,1,11
BRDA:35,7,0,2
BRDA:35,8,0,11
BRDA:35,8,1,3
BRDA:58,9,0,4
BRDA:58,10,0,11
BRDA:58,10,1,8
BRDA:58,10,2,6
BRDA:62,11,0,1
BRDA:68,12,0,6
BRDA:68,12,1,4
BRDA:68,12,2,2
BRF:22
BRH:22
end_of_record
TN:
SF:src\index.ts
FN:2,(anonymous_5)
FNF:1
FNH:1
FNDA:11,(anonymous_5)
DA:1,2
DA:2,13
LF:2
LH:2
BRF:0
BRH:0
end_of_record
