<?xml version="1.0" encoding="UTF-8"?>
<coverage generated="1658353209068" clover="3.2.0">
  <project timestamp="1658353209068" name="All files">
    <metrics statements="174" coveredstatements="174" conditionals="103" coveredconditionals="103" methods="40" coveredmethods="40" elements="317" coveredelements="317" complexity="0" loc="174" ncloc="174" packages="1" files="6" classes="6"/>
    <file name="claim-check.ts" path="C:\Prosjekter\ReLynk\node-oauth2-jwt-bearer\packages\access-token-jwt\src\claim-check.ts">
      <metrics statements="48" coveredstatements="48" conditionals="20" coveredconditionals="20" methods="10" coveredmethods="10"/>
      <line num="1" count="4" type="stmt"/>
      <line num="12" count="4" type="stmt"/>
      <line num="13" count="22" type="cond" truecount="1" falsecount="0"/>
      <line num="19" count="1" type="stmt"/>
      <line num="23" count="4" type="stmt"/>
      <line num="26" count="11" type="stmt"/>
      <line num="27" count="9" type="cond" truecount="1" falsecount="0"/>
      <line num="28" count="1" type="stmt"/>
      <line num="31" count="8" type="stmt"/>
      <line num="32" count="8" type="cond" truecount="2" falsecount="0"/>
      <line num="33" count="5" type="stmt"/>
      <line num="34" count="3" type="cond" truecount="1" falsecount="0"/>
      <line num="35" count="1" type="stmt"/>
      <line num="38" count="7" type="stmt"/>
      <line num="40" count="7" type="stmt"/>
      <line num="45" count="4" type="stmt"/>
      <line num="46" count="5" type="cond" truecount="2" falsecount="0"/>
      <line num="47" count="2" type="stmt"/>
      <line num="48" count="3" type="cond" truecount="1" falsecount="0"/>
      <line num="49" count="1" type="stmt"/>
      <line num="51" count="4" type="stmt"/>
      <line num="52" count="4" type="stmt"/>
      <line num="53" count="4" type="cond" truecount="1" falsecount="0"/>
      <line num="54" count="1" type="stmt"/>
      <line num="59" count="3" type="cond" truecount="1" falsecount="0"/>
      <line num="60" count="2" type="stmt"/>
      <line num="62" count="1" type="stmt"/>
      <line num="71" count="4" type="stmt"/>
      <line num="72" count="8" type="cond" truecount="1" falsecount="0"/>
      <line num="73" count="1" type="stmt"/>
      <line num="75" count="7" type="stmt"/>
      <line num="77" count="7" type="stmt"/>
      <line num="88" count="4" type="stmt"/>
      <line num="89" count="9" type="cond" truecount="1" falsecount="0"/>
      <line num="90" count="1" type="stmt"/>
      <line num="92" count="8" type="stmt"/>
      <line num="94" count="7" type="stmt"/>
      <line num="95" count="3" type="cond" truecount="1" falsecount="0"/>
      <line num="96" count="1" type="stmt"/>
      <line num="98" count="2" type="stmt"/>
      <line num="107" count="4" type="stmt"/>
      <line num="108" count="24" type="cond" truecount="1" falsecount="0"/>
      <line num="109" count="1" type="stmt"/>
      <line num="112" count="23" type="stmt"/>
      <line num="113" count="18" type="cond" truecount="1" falsecount="0"/>
      <line num="114" count="2" type="stmt"/>
      <line num="116" count="16" type="cond" truecount="1" falsecount="0"/>
      <line num="117" count="6" type="stmt"/>
    </file>
    <file name="discovery.ts" path="C:\Prosjekter\ReLynk\node-oauth2-jwt-bearer\packages\access-token-jwt\src\discovery.ts">
      <metrics statements="28" coveredstatements="28" conditionals="6" coveredconditionals="6" methods="2" coveredmethods="2"/>
      <line num="1" count="4" type="stmt"/>
      <line num="4" count="4" type="stmt"/>
      <line num="5" count="4" type="stmt"/>
      <line num="7" count="4" type="stmt"/>
      <line num="8" count="4" type="stmt"/>
      <line num="17" count="4" type="stmt"/>
      <line num="18" count="18" type="stmt"/>
      <line num="25" count="4" type="stmt"/>
      <line num="29" count="22" type="stmt"/>
      <line num="31" count="21" type="cond" truecount="1" falsecount="0"/>
      <line num="32" count="9" type="stmt"/>
      <line num="33" count="7" type="stmt"/>
      <line num="34" count="6" type="stmt"/>
      <line num="37" count="12" type="stmt"/>
      <line num="38" count="12" type="cond" truecount="2" falsecount="0"/>
      <line num="39" count="10" type="stmt"/>
      <line num="41" count="2" type="stmt"/>
      <line num="43" count="12" type="cond" truecount="2" falsecount="0"/>
      <line num="44" count="8" type="stmt"/>
      <line num="46" count="4" type="stmt"/>
      <line num="49" count="12" type="stmt"/>
      <line num="50" count="16" type="stmt"/>
      <line num="51" count="16" type="stmt"/>
      <line num="52" count="16" type="stmt"/>
      <line num="56" count="11" type="stmt"/>
      <line num="57" count="11" type="stmt"/>
      <line num="63" count="1" type="stmt"/>
      <line num="66" count="4" type="stmt"/>
    </file>
    <file name="fetch.ts" path="C:\Prosjekter\ReLynk\node-oauth2-jwt-bearer\packages\access-token-jwt\src\fetch.ts">
      <metrics statements="26" coveredstatements="26" conditionals="1" coveredconditionals="1" methods="4" coveredmethods="4"/>
      <line num="2" count="4" type="stmt"/>
      <line num="3" count="4" type="stmt"/>
      <line num="4" count="4" type="stmt"/>
      <line num="6" count="4" type="stmt"/>
      <line num="8" count="4" type="stmt"/>
      <line num="10" count="4" type="stmt"/>
      <line num="11" count="20" type="stmt"/>
      <line num="12" count="20" type="stmt"/>
      <line num="13" count="20" type="stmt"/>
      <line num="14" count="20" type="stmt"/>
      <line num="15" count="18" type="stmt"/>
      <line num="16" count="18" type="stmt"/>
      <line num="18" count="20" type="stmt"/>
      <line num="23" count="4" type="stmt"/>
      <line num="33" count="4" type="stmt"/>
      <line num="37" count="25" type="stmt"/>
      <line num="42" count="25" type="stmt"/>
      <line num="44" count="22" type="cond" truecount="1" falsecount="0"/>
      <line num="45" count="2" type="stmt"/>
      <line num="50" count="20" type="stmt"/>
      <line num="51" count="20" type="stmt"/>
      <line num="52" count="18" type="stmt"/>
      <line num="55" count="20" type="stmt"/>
      <line num="56" count="20" type="stmt"/>
      <line num="58" count="2" type="stmt"/>
      <line num="62" count="4" type="stmt"/>
    </file>
    <file name="index.ts" path="C:\Prosjekter\ReLynk\node-oauth2-jwt-bearer\packages\access-token-jwt\src\index.ts">
      <metrics statements="12" coveredstatements="12" conditionals="0" coveredconditionals="0" methods="9" coveredmethods="9"/>
      <line num="1" count="4" type="stmt"/>
      <line num="2" count="23" type="stmt"/>
      <line num="9" count="4" type="stmt"/>
      <line num="10" count="6" type="stmt"/>
      <line num="11" count="6" type="stmt"/>
      <line num="12" count="7" type="stmt"/>
      <line num="14" count="20" type="stmt"/>
      <line num="15" count="4" type="stmt"/>
      <line num="16" count="10" type="stmt"/>
      <line num="18" count="13" type="stmt"/>
      <line num="20" count="12" type="stmt"/>
      <line num="22" count="9" type="stmt"/>
    </file>
    <file name="jwt-verifier.ts" path="C:\Prosjekter\ReLynk\node-oauth2-jwt-bearer\packages\access-token-jwt\src\jwt-verifier.ts">
      <metrics statements="34" coveredstatements="34" conditionals="35" coveredconditionals="35" methods="3" coveredmethods="3"/>
      <line num="1" count="4" type="stmt"/>
      <line num="2" count="4" type="stmt"/>
      <line num="3" count="4" type="stmt"/>
      <line num="6" count="4" type="stmt"/>
      <line num="7" count="4" type="stmt"/>
      <line num="9" count="4" type="stmt"/>
      <line num="10" count="4" type="stmt"/>
      <line num="11" count="4" type="stmt"/>
      <line num="144" count="4" type="stmt"/>
      <line num="157" count="4" type="stmt"/>
      <line num="159" count="4" type="stmt"/>
      <line num="179" count="19" type="stmt"/>
      <line num="183" count="18" type="stmt"/>
      <line num="187" count="18" type="stmt"/>
      <line num="188" count="17" type="stmt"/>
      <line num="192" count="16" type="stmt"/>
      <line num="198" count="15" type="stmt"/>
      <line num="205" count="14" type="cond" truecount="2" falsecount="0"/>
      <line num="207" count="14" type="stmt"/>
      <line num="208" count="18" type="cond" truecount="1" falsecount="0"/>
      <line num="209" count="16" type="cond" truecount="1" falsecount="0"/>
      <line num="210" count="11" type="stmt"/>
      <line num="216" count="16" type="stmt"/>
      <line num="219" count="14" type="stmt"/>
      <line num="220" count="19" type="stmt"/>
      <line num="221" count="19" type="cond" truecount="1" falsecount="0"/>
      <line num="222" count="10" type="stmt"/>
      <line num="224" count="10" type="stmt"/>
      <line num="230" count="19" type="cond" truecount="2" falsecount="0"/>
      <line num="242" count="19" type="stmt"/>
      <line num="246" count="17" type="stmt"/>
      <line num="247" count="13" type="stmt"/>
      <line num="249" count="6" type="stmt"/>
      <line num="254" count="4" type="stmt"/>
    </file>
    <file name="validate.ts" path="C:\Prosjekter\ReLynk\node-oauth2-jwt-bearer\packages\access-token-jwt\src\validate.ts">
      <metrics statements="26" coveredstatements="26" conditionals="41" coveredconditionals="41" methods="12" coveredmethods="12"/>
      <line num="33" count="5" type="stmt"/>
      <line num="38" count="57" type="stmt"/>
      <line num="42" count="518" type="cond" truecount="4" falsecount="0"/>
      <line num="43" count="518" type="cond" truecount="1" falsecount="0"/>
      <line num="49" count="485" type="stmt"/>
      <line num="51" count="33" type="stmt"/>
      <line num="56" count="5" type="stmt"/>
      <line num="64" count="54" type="stmt"/>
      <line num="66" count="56" type="cond" truecount="6" falsecount="0"/>
      <line num="71" count="57" type="cond" truecount="3" falsecount="0"/>
      <line num="74" count="57" type="stmt"/>
      <line num="76" count="57" type="cond" truecount="2" falsecount="0"/>
      <line num="77" count="57" type="cond" truecount="1" falsecount="0"/>
      <line num="78" count="53" type="stmt"/>
      <line num="80" count="4" type="cond" truecount="1" falsecount="0"/>
      <line num="81" count="3" type="stmt"/>
      <line num="83" count="1" type="stmt"/>
      <line num="86" count="57" type="stmt"/>
      <line num="87" count="57" type="cond" truecount="2" falsecount="0"/>
      <line num="90" count="57" type="cond" truecount="1" falsecount="0"/>
      <line num="91" count="18" type="cond" truecount="3" falsecount="0"/>
      <line num="93" count="39" type="stmt"/>
      <line num="94" count="39" type="stmt"/>
      <line num="100" count="57" type="cond" truecount="3" falsecount="0"/>
      <line num="102" count="57" type="cond" truecount="3" falsecount="0"/>
      <line num="103" count="57" type="cond" truecount="3" falsecount="0"/>
    </file>
  </project>
</coverage>
