{"C:\\Prosjekter\\ReLynk\\node-oauth2-jwt-bearer\\packages\\access-token-jwt\\src\\claim-check.ts": {"path":"C:\\Prosjekter\\ReLynk\\node-oauth2-jwt-bearer\\packages\\access-token-jwt\\src\\claim-check.ts","statementMap":{"0":{"start":{"line":1,"column":0},"end":{"line":1,"column":null}},"1":{"start":{"line":12,"column":27},"end":{"line":21,"column":1}},"2":{"start":{"line":13,"column":2},"end":{"line":20,"column":null}},"3":{"start":{"line":19,"column":4},"end":{"line":19,"column":80}},"4":{"start":{"line":23,"column":24},"end":{"line":41,"column":1}},"5":{"start":{"line":26,"column":41},"end":{"line":41,"column":1}},"6":{"start":{"line":27,"column":2},"end":{"line":29,"column":null}},"7":{"start":{"line":28,"column":4},"end":{"line":28,"column":60}},"8":{"start":{"line":31,"column":15},"end":{"line":31,"column":29}},"9":{"start":{"line":32,"column":2},"end":{"line":36,"column":null}},"10":{"start":{"line":33,"column":4},"end":{"line":33,"column":31}},"11":{"start":{"line":34,"column":9},"end":{"line":36,"column":null}},"12":{"start":{"line":35,"column":4},"end":{"line":35,"column":17}},"13":{"start":{"line":38,"column":2},"end":{"line":38,"column":46}},"14":{"start":{"line":40,"column":2},"end":{"line":40,"column":56}},"15":{"start":{"line":45,"column":46},"end":{"line":64,"column":1}},"16":{"start":{"line":46,"column":2},"end":{"line":50,"column":null}},"17":{"start":{"line":47,"column":4},"end":{"line":47,"column":31}},"18":{"start":{"line":48,"column":9},"end":{"line":50,"column":null}},"19":{"start":{"line":49,"column":4},"end":{"line":49,"column":73}},"20":{"start":{"line":51,"column":13},"end":{"line":51,"column":45}},"21":{"start":{"line":52,"column":2},"end":{"line":63,"column":5}},"22":{"start":{"line":53,"column":4},"end":{"line":58,"column":null}},"23":{"start":{"line":54,"column":6},"end":{"line":57,"column":8}},"24":{"start":{"line":59,"column":4},"end":{"line":61,"column":null}},"25":{"start":{"line":60,"column":6},"end":{"line":60,"column":59}},"26":{"start":{"line":62,"column":4},"end":{"line":62,"column":16}},"27":{"start":{"line":45,"column":13},"end":{"line":45,"column":46}},"28":{"start":{"line":71,"column":44},"end":{"line":81,"column":1}},"29":{"start":{"line":72,"column":2},"end":{"line":74,"column":null}},"30":{"start":{"line":73,"column":4},"end":{"line":73,"column":52}},"31":{"start":{"line":75,"column":2},"end":{"line":75,"column":39}},"32":{"start":{"line":77,"column":2},"end":{"line":80,"column":4}},"33":{"start":{"line":71,"column":13},"end":{"line":71,"column":44}},"34":{"start":{"line":88,"column":40},"end":{"line":100,"column":1}},"35":{"start":{"line":89,"column":2},"end":{"line":91,"column":null}},"36":{"start":{"line":90,"column":4},"end":{"line":90,"column":52}},"37":{"start":{"line":92,"column":2},"end":{"line":92,"column":31}},"38":{"start":{"line":94,"column":2},"end":{"line":99,"column":36}},"39":{"start":{"line":95,"column":4},"end":{"line":97,"column":null}},"40":{"start":{"line":96,"column":6},"end":{"line":96,"column":62}},"41":{"start":{"line":98,"column":4},"end":{"line":98,"column":39}},"42":{"start":{"line":88,"column":13},"end":{"line":88,"column":40}},"43":{"start":{"line":107,"column":38},"end":{"line":120,"column":1}},"44":{"start":{"line":108,"column":2},"end":{"line":110,"column":null}},"45":{"start":{"line":109,"column":4},"end":{"line":109,"column":59}},"46":{"start":{"line":112,"column":2},"end":{"line":119,"column":4}},"47":{"start":{"line":113,"column":4},"end":{"line":115,"column":null}},"48":{"start":{"line":114,"column":6},"end":{"line":114,"column":36}},"49":{"start":{"line":116,"column":4},"end":{"line":118,"column":null}},"50":{"start":{"line":117,"column":6},"end":{"line":117,"column":42}},"51":{"start":{"line":107,"column":13},"end":{"line":107,"column":38}}},"fnMap":{"0":{"name":"(anonymous_0)","decl":{"start":{"line":12,"column":27},"end":{"line":12,"column":28}},"loc":{"start":{"line":12,"column":58},"end":{"line":21,"column":1}}},"1":{"name":"(anonymous_1)","decl":{"start":{"line":23,"column":24},"end":{"line":23,"column":null}},"loc":{"start":{"line":26,"column":41},"end":{"line":41,"column":1}}},"2":{"name":"(anonymous_2)","decl":{"start":{"line":26,"column":41},"end":{"line":26,"column":42}},"loc":{"start":{"line":26,"column":53},"end":{"line":41,"column":1}}},"3":{"name":"(anonymous_3)","decl":{"start":{"line":45,"column":46},"end":{"line":45,"column":47}},"loc":{"start":{"line":45,"column":57},"end":{"line":64,"column":1}}},"4":{"name":"(anonymous_4)","decl":{"start":{"line":52,"column":20},"end":{"line":52,"column":21}},"loc":{"start":{"line":52,"column":32},"end":{"line":63,"column":3}}},"5":{"name":"(anonymous_5)","decl":{"start":{"line":71,"column":44},"end":{"line":71,"column":45}},"loc":{"start":{"line":71,"column":67},"end":{"line":81,"column":1}}},"6":{"name":"(anonymous_6)","decl":{"start":{"line":88,"column":40},"end":{"line":88,"column":41}},"loc":{"start":{"line":88,"column":60},"end":{"line":100,"column":1}}},"7":{"name":"(anonymous_7)","decl":{"start":{"line":94,"column":20},"end":{"line":94,"column":21}},"loc":{"start":{"line":94,"column":32},"end":{"line":99,"column":3}}},"8":{"name":"(anonymous_8)","decl":{"start":{"line":107,"column":38},"end":{"line":107,"column":39}},"loc":{"start":{"line":107,"column":53},"end":{"line":120,"column":1}}},"9":{"name":"(anonymous_9)","decl":{"start":{"line":112,"column":9},"end":{"line":112,"column":10}},"loc":{"start":{"line":112,"column":34},"end":{"line":119,"column":3}}}},"branchMap":{"0":{"loc":{"start":{"line":13,"column":2},"end":{"line":20,"column":null}},"type":"if","locations":[{"start":{"line":13,"column":2},"end":{"line":20,"column":null}}]},"1":{"loc":{"start":{"line":14,"column":4},"end":{"line":17,"column":18}},"type":"binary-expr","locations":[{"start":{"line":14,"column":4},"end":{"line":14,"column":29}},{"start":{"line":15,"column":4},"end":{"line":15,"column":29}},{"start":{"line":16,"column":4},"end":{"line":16,"column":30}},{"start":{"line":17,"column":4},"end":{"line":17,"column":18}}]},"2":{"loc":{"start":{"line":27,"column":2},"end":{"line":29,"column":null}},"type":"if","locations":[{"start":{"line":27,"column":2},"end":{"line":29,"column":null}}]},"3":{"loc":{"start":{"line":32,"column":2},"end":{"line":36,"column":null}},"type":"if","locations":[{"start":{"line":32,"column":2},"end":{"line":36,"column":null}},{"start":{"line":34,"column":9},"end":{"line":36,"column":null}}]},"4":{"loc":{"start":{"line":34,"column":9},"end":{"line":36,"column":null}},"type":"if","locations":[{"start":{"line":34,"column":9},"end":{"line":36,"column":null}}]},"5":{"loc":{"start":{"line":46,"column":2},"end":{"line":50,"column":null}},"type":"if","locations":[{"start":{"line":46,"column":2},"end":{"line":50,"column":null}},{"start":{"line":48,"column":9},"end":{"line":50,"column":null}}]},"6":{"loc":{"start":{"line":48,"column":9},"end":{"line":50,"column":null}},"type":"if","locations":[{"start":{"line":48,"column":9},"end":{"line":50,"column":null}}]},"7":{"loc":{"start":{"line":53,"column":4},"end":{"line":58,"column":null}},"type":"if","locations":[{"start":{"line":53,"column":4},"end":{"line":58,"column":null}}]},"8":{"loc":{"start":{"line":59,"column":4},"end":{"line":61,"column":null}},"type":"if","locations":[{"start":{"line":59,"column":4},"end":{"line":61,"column":null}}]},"9":{"loc":{"start":{"line":72,"column":2},"end":{"line":74,"column":null}},"type":"if","locations":[{"start":{"line":72,"column":2},"end":{"line":74,"column":null}}]},"10":{"loc":{"start":{"line":89,"column":2},"end":{"line":91,"column":null}},"type":"if","locations":[{"start":{"line":89,"column":2},"end":{"line":91,"column":null}}]},"11":{"loc":{"start":{"line":95,"column":4},"end":{"line":97,"column":null}},"type":"if","locations":[{"start":{"line":95,"column":4},"end":{"line":97,"column":null}}]},"12":{"loc":{"start":{"line":108,"column":2},"end":{"line":110,"column":null}},"type":"if","locations":[{"start":{"line":108,"column":2},"end":{"line":110,"column":null}}]},"13":{"loc":{"start":{"line":113,"column":4},"end":{"line":115,"column":null}},"type":"if","locations":[{"start":{"line":113,"column":4},"end":{"line":115,"column":null}}]},"14":{"loc":{"start":{"line":116,"column":4},"end":{"line":118,"column":null}},"type":"if","locations":[{"start":{"line":116,"column":4},"end":{"line":118,"column":null}}]}},"s":{"0":4,"1":4,"2":22,"3":1,"4":4,"5":11,"6":9,"7":1,"8":8,"9":8,"10":5,"11":3,"12":1,"13":7,"14":7,"15":4,"16":5,"17":2,"18":3,"19":1,"20":4,"21":4,"22":4,"23":1,"24":3,"25":2,"26":1,"27":4,"28":4,"29":8,"30":1,"31":7,"32":7,"33":4,"34":4,"35":9,"36":1,"37":8,"38":7,"39":3,"40":1,"41":2,"42":4,"43":4,"44":24,"45":1,"46":23,"47":18,"48":2,"49":16,"50":6,"51":4},"f":{"0":22,"1":11,"2":9,"3":5,"4":4,"5":8,"6":9,"7":3,"8":24,"9":18},"b":{"0":[1],"1":[22,6,4,2],"2":[1],"3":[5,3],"4":[1],"5":[2,3],"6":[1],"7":[1],"8":[2],"9":[1],"10":[1],"11":[1],"12":[1],"13":[2],"14":[6]}}
,"C:\\Prosjekter\\ReLynk\\node-oauth2-jwt-bearer\\packages\\access-token-jwt\\src\\discovery.ts": {"path":"C:\\Prosjekter\\ReLynk\\node-oauth2-jwt-bearer\\packages\\access-token-jwt\\src\\discovery.ts","statementMap":{"0":{"start":{"line":1,"column":0},"end":{"line":1,"column":26}},"1":{"start":{"line":4,"column":0},"end":{"line":4,"column":28}},"2":{"start":{"line":5,"column":0},"end":{"line":5,"column":42}},"3":{"start":{"line":7,"column":23},"end":{"line":7,"column":58}},"4":{"start":{"line":8,"column":25},"end":{"line":8,"column":66}},"5":{"start":{"line":17,"column":21},"end":{"line":18,"column":76}},"6":{"start":{"line":18,"column":2},"end":{"line":18,"column":76}},"7":{"start":{"line":25,"column":17},"end":{"line":64,"column":1}},"8":{"start":{"line":29,"column":14},"end":{"line":29,"column":26}},"9":{"start":{"line":31,"column":2},"end":{"line":35,"column":null}},"10":{"start":{"line":32,"column":17},"end":{"line":32,"column":77}},"11":{"start":{"line":33,"column":4},"end":{"line":33,"column":23}},"12":{"start":{"line":34,"column":4},"end":{"line":34,"column":16}},"13":{"start":{"line":37,"column":20},"end":{"line":37,"column":22}},"14":{"start":{"line":38,"column":2},"end":{"line":42,"column":null}},"15":{"start":{"line":39,"column":4},"end":{"line":39,"column":68}},"16":{"start":{"line":41,"column":4},"end":{"line":41,"column":55}},"17":{"start":{"line":43,"column":2},"end":{"line":47,"column":null}},"18":{"start":{"line":44,"column":4},"end":{"line":44,"column":42}},"19":{"start":{"line":46,"column":4},"end":{"line":46,"column":57}},"20":{"start":{"line":49,"column":2},"end":{"line":61,"column":null}},"21":{"start":{"line":50,"column":4},"end":{"line":60,"column":null}},"22":{"start":{"line":51,"column":27},"end":{"line":51,"column":49}},"23":{"start":{"line":52,"column":19},"end":{"line":55,"column":8}},"24":{"start":{"line":56,"column":6},"end":{"line":56,"column":25}},"25":{"start":{"line":57,"column":6},"end":{"line":57,"column":18}},"26":{"start":{"line":63,"column":2},"end":{"line":63,"column":67}},"27":{"start":{"line":66,"column":0},"end":{"line":66,"column":24}}},"fnMap":{"0":{"name":"(anonymous_1)","decl":{"start":{"line":17,"column":21},"end":{"line":17,"column":22}},"loc":{"start":{"line":18,"column":2},"end":{"line":18,"column":76}}},"1":{"name":"(anonymous_2)","decl":{"start":{"line":25,"column":17},"end":{"line":25,"column":22}},"loc":{"start":{"line":28,"column":29},"end":{"line":64,"column":1}}}},"branchMap":{"0":{"loc":{"start":{"line":27,"column":2},"end":{"line":27,"column":50}},"type":"default-arg","locations":[{"start":{"line":27,"column":48},"end":{"line":27,"column":50}}]},"1":{"loc":{"start":{"line":31,"column":2},"end":{"line":35,"column":null}},"type":"if","locations":[{"start":{"line":31,"column":2},"end":{"line":35,"column":null}}]},"2":{"loc":{"start":{"line":38,"column":2},"end":{"line":42,"column":null}},"type":"if","locations":[{"start":{"line":38,"column":2},"end":{"line":42,"column":null}},{"start":{"line":40,"column":9},"end":{"line":42,"column":null}}]},"3":{"loc":{"start":{"line":43,"column":2},"end":{"line":47,"column":null}},"type":"if","locations":[{"start":{"line":43,"column":2},"end":{"line":47,"column":null}},{"start":{"line":45,"column":9},"end":{"line":47,"column":null}}]}},"s":{"0":4,"1":4,"2":4,"3":4,"4":4,"5":4,"6":18,"7":4,"8":22,"9":21,"10":9,"11":7,"12":6,"13":12,"14":12,"15":10,"16":2,"17":12,"18":8,"19":4,"20":12,"21":16,"22":16,"23":16,"24":11,"25":11,"26":1,"27":4},"f":{"0":18,"1":22},"b":{"0":[16],"1":[9],"2":[10,2],"3":[8,4]}}
,"C:\\Prosjekter\\ReLynk\\node-oauth2-jwt-bearer\\packages\\access-token-jwt\\src\\fetch.ts": {"path":"C:\\Prosjekter\\ReLynk\\node-oauth2-jwt-bearer\\packages\\access-token-jwt\\src\\fetch.ts","statementMap":{"0":{"start":{"line":2,"column":0},"end":{"line":2,"column":58}},"1":{"start":{"line":3,"column":0},"end":{"line":3,"column":61}},"2":{"start":{"line":4,"column":0},"end":{"line":4,"column":30}},"3":{"start":{"line":6,"column":0},"end":{"line":6,"column":35}},"4":{"start":{"line":8,"column":16},"end":{"line":8,"column":33}},"5":{"start":{"line":10,"column":15},"end":{"line":19,"column":1}},"6":{"start":{"line":11,"column":15},"end":{"line":11,"column":67}},"7":{"start":{"line":11,"column":51},"end":{"line":11,"column":63}},"8":{"start":{"line":12,"column":14},"end":{"line":12,"column":34}},"9":{"start":{"line":13,"column":10},"end":{"line":13,"column":11}},"10":{"start":{"line":14,"column":2},"end":{"line":17,"column":5}},"11":{"start":{"line":15,"column":4},"end":{"line":15,"column":23}},"12":{"start":{"line":16,"column":4},"end":{"line":16,"column":23}},"13":{"start":{"line":18,"column":2},"end":{"line":18,"column":13}},"14":{"start":{"line":23,"column":4},"end":{"line":26,"column":2}},"15":{"start":{"line":33,"column":14},"end":{"line":60,"column":1}},"16":{"start":{"line":37,"column":14},"end":{"line":40,"column":4}},"17":{"start":{"line":42,"column":40},"end":{"line":42,"column":67}},"18":{"start":{"line":44,"column":2},"end":{"line":48,"column":null}},"19":{"start":{"line":45,"column":4},"end":{"line":47,"column":6}},"20":{"start":{"line":50,"column":16},"end":{"line":50,"column":18}},"21":{"start":{"line":51,"column":2},"end":{"line":53,"column":null}},"22":{"start":{"line":52,"column":4},"end":{"line":52,"column":21}},"23":{"start":{"line":55,"column":2},"end":{"line":59,"column":null}},"24":{"start":{"line":56,"column":4},"end":{"line":56,"column":56}},"25":{"start":{"line":58,"column":4},"end":{"line":58,"column":69}},"26":{"start":{"line":62,"column":0},"end":{"line":62,"column":21}}},"fnMap":{"0":{"name":"(anonymous_0)","decl":{"start":{"line":10,"column":15},"end":{"line":10,"column":16}},"loc":{"start":{"line":10,"column":56},"end":{"line":19,"column":1}}},"1":{"name":"(anonymous_1)","decl":{"start":{"line":11,"column":30},"end":{"line":11,"column":31}},"loc":{"start":{"line":11,"column":51},"end":{"line":11,"column":63}}},"2":{"name":"(anonymous_2)","decl":{"start":{"line":14,"column":18},"end":{"line":14,"column":19}},"loc":{"start":{"line":14,"column":29},"end":{"line":17,"column":3}}},"3":{"name":"(anonymous_3)","decl":{"start":{"line":33,"column":14},"end":{"line":33,"column":19}},"loc":{"start":{"line":36,"column":24},"end":{"line":60,"column":1}}}},"branchMap":{"0":{"loc":{"start":{"line":44,"column":2},"end":{"line":48,"column":null}},"type":"if","locations":[{"start":{"line":44,"column":2},"end":{"line":48,"column":null}}]}},"s":{"0":4,"1":4,"2":4,"3":4,"4":4,"5":4,"6":20,"7":18,"8":20,"9":20,"10":20,"11":18,"12":18,"13":20,"14":4,"15":4,"16":25,"17":25,"18":22,"19":2,"20":20,"21":20,"22":18,"23":20,"24":20,"25":2,"26":4},"f":{"0":20,"1":18,"2":18,"3":25},"b":{"0":[2]}}
,"C:\\Prosjekter\\ReLynk\\node-oauth2-jwt-bearer\\packages\\access-token-jwt\\src\\index.ts": {"path":"C:\\Prosjekter\\ReLynk\\node-oauth2-jwt-bearer\\packages\\access-token-jwt\\src\\index.ts","statementMap":{"0":{"start":{"line":1,"column":0},"end":{"line":1,"column":null}},"1":{"start":{"line":2,"column":2},"end":{"line":2,"column":24}},"2":{"start":{"line":9,"column":0},"end":{"line":9,"column":null}},"3":{"start":{"line":10,"column":2},"end":{"line":10,"column":null}},"4":{"start":{"line":11,"column":2},"end":{"line":11,"column":null}},"5":{"start":{"line":12,"column":2},"end":{"line":12,"column":null}},"6":{"start":{"line":14,"column":0},"end":{"line":14,"column":9}},"7":{"start":{"line":14,"column":9},"end":{"line":14,"column":28}},"8":{"start":{"line":15,"column":0},"end":{"line":15,"column":null}},"9":{"start":{"line":16,"column":2},"end":{"line":16,"column":null}},"10":{"start":{"line":18,"column":2},"end":{"line":18,"column":null}},"11":{"start":{"line":20,"column":2},"end":{"line":20,"column":null}},"12":{"start":{"line":22,"column":2},"end":{"line":22,"column":null}}},"fnMap":{"0":{"name":"(anonymous_1)","decl":{"start":{"line":2,"column":2},"end":{"line":2,"column":9}},"loc":{"start":{"line":2,"column":2},"end":{"line":2,"column":24}}},"1":{"name":"(anonymous_2)","decl":{"start":{"line":10,"column":2},"end":{"line":10,"column":19}},"loc":{"start":{"line":10,"column":2},"end":{"line":10,"column":null}}},"2":{"name":"(anonymous_3)","decl":{"start":{"line":11,"column":2},"end":{"line":11,"column":19}},"loc":{"start":{"line":11,"column":2},"end":{"line":11,"column":null}}},"3":{"name":"(anonymous_4)","decl":{"start":{"line":12,"column":2},"end":{"line":12,"column":24}},"loc":{"start":{"line":12,"column":2},"end":{"line":12,"column":null}}},"4":{"name":"(anonymous_5)","decl":{"start":{"line":14,"column":9},"end":{"line":14,"column":16}},"loc":{"start":{"line":14,"column":9},"end":{"line":14,"column":28}}},"5":{"name":"(anonymous_6)","decl":{"start":{"line":16,"column":2},"end":{"line":16,"column":12}},"loc":{"start":{"line":16,"column":2},"end":{"line":16,"column":null}}},"6":{"name":"(anonymous_7)","decl":{"start":{"line":18,"column":2},"end":{"line":18,"column":13}},"loc":{"start":{"line":18,"column":2},"end":{"line":18,"column":null}}},"7":{"name":"(anonymous_8)","decl":{"start":{"line":20,"column":2},"end":{"line":20,"column":15}},"loc":{"start":{"line":20,"column":2},"end":{"line":20,"column":null}}},"8":{"name":"(anonymous_9)","decl":{"start":{"line":22,"column":2},"end":{"line":22,"column":16}},"loc":{"start":{"line":22,"column":2},"end":{"line":22,"column":null}}}},"branchMap":{},"s":{"0":4,"1":23,"2":4,"3":6,"4":6,"5":7,"6":4,"7":20,"8":4,"9":10,"10":13,"11":12,"12":9},"f":{"0":19,"1":2,"2":2,"3":3,"4":16,"5":6,"6":9,"7":8,"8":5},"b":{}}
,"C:\\Prosjekter\\ReLynk\\node-oauth2-jwt-bearer\\packages\\access-token-jwt\\src\\jwt-verifier.ts": {"path":"C:\\Prosjekter\\ReLynk\\node-oauth2-jwt-bearer\\packages\\access-token-jwt\\src\\jwt-verifier.ts","statementMap":{"0":{"start":{"line":1,"column":0},"end":{"line":1,"column":42}},"1":{"start":{"line":2,"column":0},"end":{"line":2,"column":32}},"2":{"start":{"line":3,"column":0},"end":{"line":3,"column":41}},"3":{"start":{"line":6,"column":0},"end":{"line":6,"column":26}},"4":{"start":{"line":7,"column":0},"end":{"line":7,"column":53}},"5":{"start":{"line":9,"column":0},"end":{"line":9,"column":50}},"6":{"start":{"line":10,"column":0},"end":{"line":10,"column":55}},"7":{"start":{"line":11,"column":0},"end":{"line":11,"column":69}},"8":{"start":{"line":144,"column":24},"end":{"line":156,"column":2}},"9":{"start":{"line":157,"column":23},"end":{"line":157,"column":50}},"10":{"start":{"line":159,"column":20},"end":{"line":252,"column":1}},"11":{"start":{"line":179,"column":2},"end":{"line":182,"column":4}},"12":{"start":{"line":183,"column":2},"end":{"line":186,"column":4}},"13":{"start":{"line":187,"column":2},"end":{"line":187,"column":76}},"14":{"start":{"line":188,"column":2},"end":{"line":191,"column":4}},"15":{"start":{"line":192,"column":2},"end":{"line":197,"column":4}},"16":{"start":{"line":198,"column":2},"end":{"line":203,"column":4}},"17":{"start":{"line":205,"column":20},"end":{"line":205,"column":66}},"18":{"start":{"line":207,"column":15},"end":{"line":217,"column":3}},"19":{"start":{"line":208,"column":4},"end":{"line":208,"column":36}},"20":{"start":{"line":208,"column":19},"end":{"line":208,"column":36}},"21":{"start":{"line":209,"column":4},"end":{"line":215,"column":null}},"22":{"start":{"line":210,"column":6},"end":{"line":214,"column":9}},"23":{"start":{"line":216,"column":4},"end":{"line":216,"column":29}},"24":{"start":{"line":219,"column":2},"end":{"line":251,"column":4}},"25":{"start":{"line":220,"column":4},"end":{"line":250,"column":null}},"26":{"start":{"line":221,"column":6},"end":{"line":229,"column":null}},"27":{"start":{"line":222,"column":8},"end":{"line":223,"column":75}},"28":{"start":{"line":224,"column":8},"end":{"line":228,"column":29}},"29":{"start":{"line":230,"column":6},"end":{"line":241,"column":8}},"30":{"start":{"line":242,"column":51},"end":{"line":244,"column":null}},"31":{"start":{"line":246,"column":6},"end":{"line":246,"column":50}},"32":{"start":{"line":247,"column":6},"end":{"line":247,"column":45}},"33":{"start":{"line":249,"column":6},"end":{"line":249,"column":45}},"34":{"start":{"line":254,"column":0},"end":{"line":254,"column":27}}},"fnMap":{"0":{"name":"(anonymous_7)","decl":{"start":{"line":159,"column":20},"end":{"line":159,"column":21}},"loc":{"start":{"line":173,"column":36},"end":{"line":252,"column":1}}},"1":{"name":"(anonymous_8)","decl":{"start":{"line":207,"column":15},"end":{"line":207,"column":20}},"loc":{"start":{"line":207,"column":55},"end":{"line":217,"column":3}}},"2":{"name":"(anonymous_9)","decl":{"start":{"line":219,"column":9},"end":{"line":219,"column":14}},"loc":{"start":{"line":219,"column":31},"end":{"line":251,"column":3}}}},"branchMap":{"0":{"loc":{"start":{"line":160,"column":2},"end":{"line":160,"column":55}},"type":"default-arg","locations":[{"start":{"line":160,"column":18},"end":{"line":160,"column":55}}]},"1":{"loc":{"start":{"line":161,"column":2},"end":{"line":161,"column":42}},"type":"default-arg","locations":[{"start":{"line":161,"column":12},"end":{"line":161,"column":42}}]},"2":{"loc":{"start":{"line":162,"column":2},"end":{"line":162,"column":39}},"type":"default-arg","locations":[{"start":{"line":162,"column":11},"end":{"line":162,"column":39}}]},"3":{"loc":{"start":{"line":163,"column":2},"end":{"line":163,"column":43}},"type":"default-arg","locations":[{"start":{"line":163,"column":13},"end":{"line":163,"column":43}}]},"4":{"loc":{"start":{"line":164,"column":2},"end":{"line":164,"column":39}},"type":"default-arg","locations":[{"start":{"line":164,"column":11},"end":{"line":164,"column":39}}]},"5":{"loc":{"start":{"line":165,"column":2},"end":{"line":165,"column":59}},"type":"default-arg","locations":[{"start":{"line":165,"column":20},"end":{"line":165,"column":59}}]},"6":{"loc":{"start":{"line":167,"column":2},"end":{"line":167,"column":26}},"type":"default-arg","locations":[{"start":{"line":167,"column":21},"end":{"line":167,"column":26}}]},"7":{"loc":{"start":{"line":168,"column":2},"end":{"line":168,"column":24}},"type":"default-arg","locations":[{"start":{"line":168,"column":20},"end":{"line":168,"column":24}}]},"8":{"loc":{"start":{"line":169,"column":2},"end":{"line":169,"column":20}},"type":"default-arg","locations":[{"start":{"line":169,"column":19},"end":{"line":169,"column":20}}]},"9":{"loc":{"start":{"line":171,"column":2},"end":{"line":171,"column":16}},"type":"default-arg","locations":[{"start":{"line":171,"column":11},"end":{"line":171,"column":16}}]},"10":{"loc":{"start":{"line":180,"column":4},"end":{"line":180,"column":62}},"type":"binary-expr","locations":[{"start":{"line":180,"column":4},"end":{"line":180,"column":17}},{"start":{"line":180,"column":22},"end":{"line":180,"column":28}},{"start":{"line":180,"column":32},"end":{"line":180,"column":39}},{"start":{"line":180,"column":45},"end":{"line":180,"column":51}},{"start":{"line":180,"column":55},"end":{"line":180,"column":61}}]},"11":{"loc":{"start":{"line":184,"column":6},"end":{"line":184,"column":23}},"type":"binary-expr","locations":[{"start":{"line":184,"column":6},"end":{"line":184,"column":12}},{"start":{"line":184,"column":16},"end":{"line":184,"column":23}}]},"12":{"loc":{"start":{"line":189,"column":4},"end":{"line":189,"column":42}},"type":"binary-expr","locations":[{"start":{"line":189,"column":4},"end":{"line":189,"column":11}},{"start":{"line":189,"column":16},"end":{"line":189,"column":22}},{"start":{"line":189,"column":26},"end":{"line":189,"column":41}}]},"13":{"loc":{"start":{"line":193,"column":4},"end":{"line":193,"column":75}},"type":"binary-expr","locations":[{"start":{"line":193,"column":4},"end":{"line":193,"column":10}},{"start":{"line":193,"column":14},"end":{"line":193,"column":30}},{"start":{"line":193,"column":34},"end":{"line":193,"column":75}}]},"14":{"loc":{"start":{"line":199,"column":4},"end":{"line":199,"column":76}},"type":"binary-expr","locations":[{"start":{"line":199,"column":4},"end":{"line":199,"column":11}},{"start":{"line":199,"column":16},"end":{"line":199,"column":31}},{"start":{"line":199,"column":35},"end":{"line":199,"column":75}}]},"15":{"loc":{"start":{"line":205,"column":20},"end":{"line":205,"column":66}},"type":"binary-expr","locations":[{"start":{"line":205,"column":20},"end":{"line":205,"column":26}},{"start":{"line":205,"column":30},"end":{"line":205,"column":66}}]},"16":{"loc":{"start":{"line":208,"column":4},"end":{"line":208,"column":36}},"type":"if","locations":[{"start":{"line":208,"column":4},"end":{"line":208,"column":36}}]},"17":{"loc":{"start":{"line":209,"column":4},"end":{"line":215,"column":null}},"type":"if","locations":[{"start":{"line":209,"column":4},"end":{"line":215,"column":null}}]},"18":{"loc":{"start":{"line":221,"column":6},"end":{"line":229,"column":null}},"type":"if","locations":[{"start":{"line":221,"column":6},"end":{"line":229,"column":null}}]},"19":{"loc":{"start":{"line":223,"column":10},"end":{"line":223,"column":74}},"type":"binary-expr","locations":[{"start":{"line":223,"column":10},"end":{"line":223,"column":19}},{"start":{"line":223,"column":23},"end":{"line":223,"column":74}}]},"20":{"loc":{"start":{"line":230,"column":6},"end":{"line":241,"column":8}},"type":"binary-expr","locations":[{"start":{"line":230,"column":6},"end":{"line":230,"column":16}},{"start":{"line":230,"column":6},"end":{"line":241,"column":8}}]}},"s":{"0":4,"1":4,"2":4,"3":4,"4":4,"5":4,"6":4,"7":4,"8":4,"9":4,"10":4,"11":19,"12":18,"13":18,"14":17,"15":16,"16":15,"17":14,"18":14,"19":18,"20":2,"21":16,"22":11,"23":16,"24":14,"25":19,"26":19,"27":10,"28":10,"29":19,"30":19,"31":17,"32":13,"33":6,"34":4},"f":{"0":19,"1":18,"2":19},"b":{"0":[13],"1":[11],"2":[7],"3":[1],"4":[15],"5":[15],"6":[18],"7":[17],"8":[19],"9":[19],"10":[19,13,12,5,4],"11":[18,4],"12":[17,4,4],"13":[16,13,1],"14":[15,3,3],"15":[14,2],"16":[2],"17":[11],"18":[10],"19":[10,6],"20":[19,14]}}
,"C:\\Prosjekter\\ReLynk\\node-oauth2-jwt-bearer\\packages\\access-token-jwt\\src\\validate.ts": {"path":"C:\\Prosjekter\\ReLynk\\node-oauth2-jwt-bearer\\packages\\access-token-jwt\\src\\validate.ts","statementMap":{"0":{"start":{"line":33,"column":0},"end":{"line":54,"column":4}},"1":{"start":{"line":38,"column":2},"end":{"line":53,"column":null}},"2":{"start":{"line":42,"column":10},"end":{"line":42,"column":69}},"3":{"start":{"line":43,"column":8},"end":{"line":50,"column":null}},"4":{"start":{"line":49,"column":10},"end":{"line":49,"column":17}},"5":{"start":{"line":51,"column":8},"end":{"line":51,"column":53}},"6":{"start":{"line":56,"column":33},"end":{"line":104,"column":2}},"7":{"start":{"line":64,"column":18},"end":{"line":104,"column":2}},"8":{"start":{"line":66,"column":4},"end":{"line":69,"column":49}},"9":{"start":{"line":71,"column":4},"end":{"line":73,"column":67}},"10":{"start":{"line":74,"column":16},"end":{"line":74,"column":30}},"11":{"start":{"line":76,"column":4},"end":{"line":76,"column":68}},"12":{"start":{"line":77,"column":4},"end":{"line":79,"column":null}},"13":{"start":{"line":78,"column":6},"end":{"line":78,"column":36}},"14":{"start":{"line":80,"column":4},"end":{"line":82,"column":null}},"15":{"start":{"line":81,"column":6},"end":{"line":81,"column":65}},"16":{"start":{"line":83,"column":4},"end":{"line":83,"column":17}},"17":{"start":{"line":86,"column":16},"end":{"line":86,"column":45}},"18":{"start":{"line":87,"column":4},"end":{"line":87,"column":66}},"19":{"start":{"line":90,"column":4},"end":{"line":92,"column":null}},"20":{"start":{"line":91,"column":6},"end":{"line":91,"column":71}},"21":{"start":{"line":93,"column":16},"end":{"line":93,"column":45}},"22":{"start":{"line":94,"column":4},"end":{"line":98,"column":6}},"23":{"start":{"line":100,"column":16},"end":{"line":100,"column":73}},"24":{"start":{"line":102,"column":4},"end":{"line":102,"column":71}},"25":{"start":{"line":103,"column":16},"end":{"line":103,"column":73}},"26":{"start":{"line":56,"column":13},"end":{"line":56,"column":33}}},"fnMap":{"0":{"name":"(anonymous_0)","decl":{"start":{"line":33,"column":15},"end":{"line":33,"column":null}},"loc":{"start":{"line":38,"column":2},"end":{"line":53,"column":null}}},"1":{"name":"(anonymous_1)","decl":{"start":{"line":40,"column":6},"end":{"line":40,"column":11}},"loc":{"start":{"line":40,"column":54},"end":{"line":52,"column":7}}},"2":{"name":"(anonymous_2)","decl":{"start":{"line":56,"column":33},"end":{"line":56,"column":null}},"loc":{"start":{"line":64,"column":18},"end":{"line":104,"column":2}}},"3":{"name":"(anonymous_3)","decl":{"start":{"line":65,"column":7},"end":{"line":65,"column":8}},"loc":{"start":{"line":66,"column":4},"end":{"line":69,"column":49}}},"4":{"name":"(anonymous_4)","decl":{"start":{"line":70,"column":7},"end":{"line":70,"column":8}},"loc":{"start":{"line":71,"column":4},"end":{"line":73,"column":67}}},"5":{"name":"(anonymous_5)","decl":{"start":{"line":74,"column":7},"end":{"line":74,"column":8}},"loc":{"start":{"line":74,"column":16},"end":{"line":74,"column":30}}},"6":{"name":"(anonymous_6)","decl":{"start":{"line":75,"column":7},"end":{"line":75,"column":8}},"loc":{"start":{"line":75,"column":15},"end":{"line":84,"column":3}}},"7":{"name":"(anonymous_7)","decl":{"start":{"line":85,"column":7},"end":{"line":85,"column":8}},"loc":{"start":{"line":85,"column":15},"end":{"line":88,"column":3}}},"8":{"name":"(anonymous_8)","decl":{"start":{"line":89,"column":7},"end":{"line":89,"column":8}},"loc":{"start":{"line":89,"column":15},"end":{"line":99,"column":3}}},"9":{"name":"(anonymous_9)","decl":{"start":{"line":100,"column":7},"end":{"line":100,"column":8}},"loc":{"start":{"line":100,"column":16},"end":{"line":100,"column":73}}},"10":{"name":"(anonymous_10)","decl":{"start":{"line":101,"column":13},"end":{"line":101,"column":14}},"loc":{"start":{"line":102,"column":4},"end":{"line":102,"column":71}}},"11":{"name":"(anonymous_11)","decl":{"start":{"line":103,"column":7},"end":{"line":103,"column":8}},"loc":{"start":{"line":103,"column":16},"end":{"line":103,"column":73}}}},"branchMap":{"0":{"loc":{"start":{"line":42,"column":10},"end":{"line":42,"column":69}},"type":"cond-expr","locations":[{"start":{"line":42,"column":43},"end":{"line":42,"column":54}},{"start":{"line":42,"column":57},"end":{"line":42,"column":69}}]},"1":{"loc":{"start":{"line":42,"column":10},"end":{"line":42,"column":40}},"type":"binary-expr","locations":[{"start":{"line":42,"column":10},"end":{"line":42,"column":23}},{"start":{"line":42,"column":27},"end":{"line":42,"column":40}}]},"2":{"loc":{"start":{"line":43,"column":8},"end":{"line":50,"column":null}},"type":"if","locations":[{"start":{"line":43,"column":8},"end":{"line":50,"column":null}}]},"3":{"loc":{"start":{"line":44,"column":10},"end":{"line":47,"column":54}},"type":"binary-expr","locations":[{"start":{"line":44,"column":10},"end":{"line":44,"column":29}},{"start":{"line":45,"column":11},"end":{"line":45,"column":40}},{"start":{"line":45,"column":44},"end":{"line":45,"column":63}},{"start":{"line":46,"column":11},"end":{"line":46,"column":42}},{"start":{"line":47,"column":13},"end":{"line":47,"column":52}}]},"4":{"loc":{"start":{"line":66,"column":4},"end":{"line":69,"column":49}},"type":"binary-expr","locations":[{"start":{"line":66,"column":4},"end":{"line":66,"column":27}},{"start":{"line":67,"column":4},"end":{"line":67,"column":32}},{"start":{"line":68,"column":5},"end":{"line":68,"column":24}},{"start":{"line":68,"column":28},"end":{"line":68,"column":60}},{"start":{"line":69,"column":5},"end":{"line":69,"column":21}},{"start":{"line":69,"column":25},"end":{"line":69,"column":48}}]},"5":{"loc":{"start":{"line":71,"column":4},"end":{"line":73,"column":67}},"type":"binary-expr","locations":[{"start":{"line":71,"column":4},"end":{"line":71,"column":11}},{"start":{"line":72,"column":5},"end":{"line":72,"column":28}},{"start":{"line":73,"column":6},"end":{"line":73,"column":66}}]},"6":{"loc":{"start":{"line":76,"column":15},"end":{"line":76,"column":67}},"type":"cond-expr","locations":[{"start":{"line":76,"column":46},"end":{"line":76,"column":56}},{"start":{"line":76,"column":59},"end":{"line":76,"column":67}}]},"7":{"loc":{"start":{"line":77,"column":4},"end":{"line":79,"column":null}},"type":"if","locations":[{"start":{"line":77,"column":4},"end":{"line":79,"column":null}}]},"8":{"loc":{"start":{"line":80,"column":4},"end":{"line":82,"column":null}},"type":"if","locations":[{"start":{"line":80,"column":4},"end":{"line":82,"column":null}}]},"9":{"loc":{"start":{"line":87,"column":11},"end":{"line":87,"column":65}},"type":"binary-expr","locations":[{"start":{"line":87,"column":11},"end":{"line":87,"column":34}},{"start":{"line":87,"column":38},"end":{"line":87,"column":65}}]},"10":{"loc":{"start":{"line":90,"column":4},"end":{"line":92,"column":null}},"type":"if","locations":[{"start":{"line":90,"column":4},"end":{"line":92,"column":null}}]},"11":{"loc":{"start":{"line":91,"column":13},"end":{"line":91,"column":70}},"type":"binary-expr","locations":[{"start":{"line":91,"column":14},"end":{"line":91,"column":31}},{"start":{"line":91,"column":35},"end":{"line":91,"column":42}},{"start":{"line":91,"column":47},"end":{"line":91,"column":70}}]},"12":{"loc":{"start":{"line":95,"column":6},"end":{"line":97,"column":46}},"type":"binary-expr","locations":[{"start":{"line":95,"column":6},"end":{"line":95,"column":29}},{"start":{"line":96,"column":6},"end":{"line":96,"column":32}},{"start":{"line":97,"column":6},"end":{"line":97,"column":46}}]},"13":{"loc":{"start":{"line":100,"column":16},"end":{"line":100,"column":73}},"type":"binary-expr","locations":[{"start":{"line":100,"column":17},"end":{"line":100,"column":34}},{"start":{"line":100,"column":38},"end":{"line":100,"column":45}},{"start":{"line":100,"column":50},"end":{"line":100,"column":73}}]},"14":{"loc":{"start":{"line":102,"column":4},"end":{"line":102,"column":71}},"type":"binary-expr","locations":[{"start":{"line":102,"column":5},"end":{"line":102,"column":27}},{"start":{"line":102,"column":31},"end":{"line":102,"column":38}},{"start":{"line":102,"column":43},"end":{"line":102,"column":71}}]},"15":{"loc":{"start":{"line":103,"column":16},"end":{"line":103,"column":73}},"type":"binary-expr","locations":[{"start":{"line":103,"column":17},"end":{"line":103,"column":34}},{"start":{"line":103,"column":38},"end":{"line":103,"column":45}},{"start":{"line":103,"column":50},"end":{"line":103,"column":73}}]}},"s":{"0":5,"1":57,"2":518,"3":518,"4":485,"5":33,"6":5,"7":54,"8":56,"9":57,"10":57,"11":57,"12":57,"13":53,"14":4,"15":3,"16":1,"17":57,"18":57,"19":57,"20":18,"21":39,"22":39,"23":57,"24":57,"25":57,"26":5},"f":{"0":57,"1":518,"2":54,"3":56,"4":57,"5":57,"6":57,"7":57,"8":57,"9":57,"10":57,"11":57},"b":{"0":[114,404],"1":[518,461],"2":[485],"3":[518,517,3,516,514],"4":[56,56,53,1,52,2],"5":[57,12,11],"6":[47,10],"7":[53],"8":[3],"9":[57,56],"10":[18],"11":[18,1,18],"12":[39,38,35],"13":[57,1,57],"14":[57,18,40],"15":[57,18,40]}}
}
