TN:
SF:src\claim-check.ts
FN:12,(anonymous_0)
FN:23,(anonymous_1)
FN:26,(anonymous_2)
FN:45,(anonymous_3)
FN:52,(anonymous_4)
FN:71,(anonymous_5)
FN:88,(anonymous_6)
FN:94,(anonymous_7)
FN:107,(anonymous_8)
FN:112,(anonymous_9)
FNF:10
FNH:10
FNDA:22,(anonymous_0)
FNDA:11,(anonymous_1)
FNDA:9,(anonymous_2)
FNDA:5,(anonymous_3)
FNDA:4,(anonymous_4)
FNDA:8,(anonymous_5)
FNDA:9,(anonymous_6)
FNDA:3,(anonymous_7)
FNDA:24,(anonymous_8)
FNDA:18,(anonymous_9)
DA:1,4
DA:12,4
DA:13,22
DA:19,1
DA:23,4
DA:26,11
DA:27,9
DA:28,1
DA:31,8
DA:32,8
DA:33,5
DA:34,3
DA:35,1
DA:38,7
DA:40,7
DA:45,4
DA:46,5
DA:47,2
DA:48,3
DA:49,1
DA:51,4
DA:52,4
DA:53,4
DA:54,1
DA:59,3
DA:60,2
DA:62,1
DA:71,4
DA:72,8
DA:73,1
DA:75,7
DA:77,7
DA:88,4
DA:89,9
DA:90,1
DA:92,8
DA:94,7
DA:95,3
DA:96,1
DA:98,2
DA:107,4
DA:108,24
DA:109,1
DA:112,23
DA:113,18
DA:114,2
DA:116,16
DA:117,6
LF:48
LH:48
BRDA:13,0,0,1
BRDA:14,1,0,22
BRDA:14,1,1,6
BRDA:14,1,2,4
BRDA:14,1,3,2
BRDA:27,2,0,1
BRDA:32,3,0,5
BRDA:32,3,1,3
BRDA:34,4,0,1
BRDA:46,5,0,2
BRDA:46,5,1,3
BRDA:48,6,0,1
BRDA:53,7,0,1
BRDA:59,8,0,2
BRDA:72,9,0,1
BRDA:89,10,0,1
BRDA:95,11,0,1
BRDA:108,12,0,1
BRDA:113,13,0,2
BRDA:116,14,0,6
BRF:20
BRH:20
end_of_record
TN:
SF:src\discovery.ts
FN:17,(anonymous_1)
FN:25,(anonymous_2)
FNF:2
FNH:2
FNDA:18,(anonymous_1)
FNDA:22,(anonymous_2)
DA:1,4
DA:4,4
DA:5,4
DA:7,4
DA:8,4
DA:17,4
DA:18,18
DA:25,4
DA:29,22
DA:31,21
DA:32,9
DA:33,7
DA:34,6
DA:37,12
DA:38,12
DA:39,10
DA:41,2
DA:43,12
DA:44,8
DA:46,4
DA:49,12
DA:50,16
DA:51,16
DA:52,16
DA:56,11
DA:57,11
DA:63,1
DA:66,4
LF:28
LH:28
BRDA:27,0,0,16
BRDA:31,1,0,9
BRDA:38,2,0,10
BRDA:38,2,1,2
BRDA:43,3,0,8
BRDA:43,3,1,4
BRF:6
BRH:6
end_of_record
TN:
SF:src\fetch.ts
FN:10,(anonymous_0)
FN:11,(anonymous_1)
FN:14,(anonymous_2)
FN:33,(anonymous_3)
FNF:4
FNH:4
FNDA:20,(anonymous_0)
FNDA:18,(anonymous_1)
FNDA:18,(anonymous_2)
FNDA:25,(anonymous_3)
DA:2,4
DA:3,4
DA:4,4
DA:6,4
DA:8,4
DA:10,4
DA:11,20
DA:12,20
DA:13,20
DA:14,20
DA:15,18
DA:16,18
DA:18,20
DA:23,4
DA:33,4
DA:37,25
DA:42,25
DA:44,22
DA:45,2
DA:50,20
DA:51,20
DA:52,18
DA:55,20
DA:56,20
DA:58,2
DA:62,4
LF:26
LH:26
BRDA:44,0,0,2
BRF:1
BRH:1
end_of_record
TN:
SF:src\index.ts
FN:2,(anonymous_1)
FN:10,(anonymous_2)
FN:11,(anonymous_3)
FN:12,(anonymous_4)
FN:14,(anonymous_5)
FN:16,(anonymous_6)
FN:18,(anonymous_7)
FN:20,(anonymous_8)
FN:22,(anonymous_9)
FNF:9
FNH:9
FNDA:19,(anonymous_1)
FNDA:2,(anonymous_2)
FNDA:2,(anonymous_3)
FNDA:3,(anonymous_4)
FNDA:16,(anonymous_5)
FNDA:6,(anonymous_6)
FNDA:9,(anonymous_7)
FNDA:8,(anonymous_8)
FNDA:5,(anonymous_9)
DA:1,4
DA:2,23
DA:9,4
DA:10,6
DA:11,6
DA:12,7
DA:14,20
DA:15,4
DA:16,10
DA:18,13
DA:20,12
DA:22,9
LF:12
LH:12
BRF:0
BRH:0
end_of_record
TN:
SF:src\jwt-verifier.ts
FN:159,(anonymous_7)
FN:207,(anonymous_8)
FN:219,(anonymous_9)
FNF:3
FNH:3
FNDA:19,(anonymous_7)
FNDA:18,(anonymous_8)
FNDA:19,(anonymous_9)
DA:1,4
DA:2,4
DA:3,4
DA:6,4
DA:7,4
DA:9,4
DA:10,4
DA:11,4
DA:144,4
DA:157,4
DA:159,4
DA:179,19
DA:183,18
DA:187,18
DA:188,17
DA:192,16
DA:198,15
DA:205,14
DA:207,14
DA:208,18
DA:209,16
DA:210,11
DA:216,16
DA:219,14
DA:220,19
DA:221,19
DA:222,10
DA:224,10
DA:230,19
DA:242,19
DA:246,17
DA:247,13
DA:249,6
DA:254,4
LF:34
LH:34
BRDA:160,0,0,13
BRDA:161,1,0,11
BRDA:162,2,0,7
BRDA:163,3,0,1
BRDA:164,4,0,15
BRDA:165,5,0,15
BRDA:167,6,0,18
BRDA:168,7,0,17
BRDA:169,8,0,19
BRDA:171,9,0,19
BRDA:180,10,0,19
BRDA:180,10,1,13
BRDA:180,10,2,12
BRDA:180,10,3,5
BRDA:180,10,4,4
BRDA:184,11,0,18
BRDA:184,11,1,4
BRDA:189,12,0,17
BRDA:189,12,1,4
BRDA:189,12,2,4
BRDA:193,13,0,16
BRDA:193,13,1,13
BRDA:193,13,2,1
BRDA:199,14,0,15
BRDA:199,14,1,3
BRDA:199,14,2,3
BRDA:205,15,0,14
BRDA:205,15,1,2
BRDA:208,16,0,2
BRDA:209,17,0,11
BRDA:221,18,0,10
BRDA:223,19,0,10
BRDA:223,19,1,6
BRDA:230,20,0,19
BRDA:230,20,1,14
BRF:35
BRH:35
end_of_record
TN:
SF:src\validate.ts
FN:33,(anonymous_0)
FN:40,(anonymous_1)
FN:56,(anonymous_2)
FN:65,(anonymous_3)
FN:70,(anonymous_4)
FN:74,(anonymous_5)
FN:75,(anonymous_6)
FN:85,(anonymous_7)
FN:89,(anonymous_8)
FN:100,(anonymous_9)
FN:101,(anonymous_10)
FN:103,(anonymous_11)
FNF:12
FNH:12
FNDA:57,(anonymous_0)
FNDA:518,(anonymous_1)
FNDA:54,(anonymous_2)
FNDA:56,(anonymous_3)
FNDA:57,(anonymous_4)
FNDA:57,(anonymous_5)
FNDA:57,(anonymous_6)
FNDA:57,(anonymous_7)
FNDA:57,(anonymous_8)
FNDA:57,(anonymous_9)
FNDA:57,(anonymous_10)
FNDA:57,(anonymous_11)
DA:33,5
DA:38,57
DA:42,518
DA:43,518
DA:49,485
DA:51,33
DA:56,5
DA:64,54
DA:66,56
DA:71,57
DA:74,57
DA:76,57
DA:77,57
DA:78,53
DA:80,4
DA:81,3
DA:83,1
DA:86,57
DA:87,57
DA:90,57
DA:91,18
DA:93,39
DA:94,39
DA:100,57
DA:102,57
DA:103,57
LF:26
LH:26
BRDA:42,0,0,114
BRDA:42,0,1,404
BRDA:42,1,0,518
BRDA:42,1,1,461
BRDA:43,2,0,485
BRDA:44,3,0,518
BRDA:44,3,1,517
BRDA:44,3,2,3
BRDA:44,3,3,516
BRDA:44,3,4,514
BRDA:66,4,0,56
BRDA:66,4,1,56
BRDA:66,4,2,53
BRDA:66,4,3,1
BRDA:66,4,4,52
BRDA:66,4,5,2
BRDA:71,5,0,57
BRDA:71,5,1,12
BRDA:71,5,2,11
BRDA:76,6,0,47
BRDA:76,6,1,10
BRDA:77,7,0,53
BRDA:80,8,0,3
BRDA:87,9,0,57
BRDA:87,9,1,56
BRDA:90,10,0,18
BRDA:91,11,0,18
BRDA:91,11,1,1
BRDA:91,11,2,18
BRDA:95,12,0,39
BRDA:95,12,1,38
BRDA:95,12,2,35
BRDA:100,13,0,57
BRDA:100,13,1,1
BRDA:100,13,2,57
BRDA:102,14,0,57
BRDA:102,14,1,18
BRDA:102,14,2,40
BRDA:103,15,0,57
BRDA:103,15,1,18
BRDA:103,15,2,40
BRF:41
BRH:41
end_of_record
